<?xml version="1.0" encoding="UTF-8"?>
<!-- Generated by org.testng.reporters.JUnitReportReporter -->
<testsuite skipped="0" hostname="DESKTOP-KSAJVER" name="testscripts.MyInfoSalaryTest" tests="1" failures="0" timestamp="2022-11-24T09:07:13 IST" time="32.805" errors="0">
  <testcase name="verifyCtc" time="32.805" classname="testscripts.MyInfoSalaryTest"/>
  <system-out/>
</testsuite> <!-- testscripts.MyInfoSalaryTest -->
